<?xml version="1.0" encoding="UTF-8"?>
<testng-results ignored="0" total="1" passed="1" failed="0" skipped="0">
  <reporter-output>
  </reporter-output>
  <suite started-at="2021-04-18T00:35:38Z" name="Default suite" finished-at="2021-04-18T00:35:48Z" duration-ms="10576">
    <groups>
    </groups>
    <test started-at="2021-04-18T00:35:38Z" name="Default test" finished-at="2021-04-18T00:35:48Z" duration-ms="10576">
      <class name="com.automation.TestCases.VerifyOrangeLogin2">
        <test-method is-config="true" signature="setUpSuite()[pri:0, instance:com.automation.TestCases.VerifyOrangeLogin2@7d4f9aae]" started-at="2021-04-18T00:35:37Z" name="setUpSuite" finished-at="2021-04-18T00:35:38Z" duration-ms="485" status="PASS">
          <reporter-output>
          </reporter-output>
        </test-method> <!-- setUpSuite -->
        <test-method is-config="true" signature="SetUp()[pri:0, instance:com.automation.TestCases.VerifyOrangeLogin2@7d4f9aae]" started-at="2021-04-18T00:35:38Z" name="SetUp" finished-at="2021-04-18T00:35:43Z" duration-ms="5393" status="PASS">
          <reporter-output>
          </reporter-output>
        </test-method> <!-- SetUp -->
        <test-method signature="VerifyValidLogin()[pri:0, instance:com.automation.TestCases.VerifyOrangeLogin2@7d4f9aae]" started-at="2021-04-18T00:35:43Z" name="VerifyValidLogin" finished-at="2021-04-18T00:35:47Z" duration-ms="3439" status="PASS">
          <reporter-output>
          </reporter-output>
        </test-method> <!-- VerifyValidLogin -->
        <test-method is-config="true" signature="tearDownMethod(org.testng.ITestResult)[pri:0, instance:com.automation.TestCases.VerifyOrangeLogin2@7d4f9aae]" started-at="2021-04-18T00:35:47Z" name="tearDownMethod" finished-at="2021-04-18T00:35:48Z" duration-ms="988" status="PASS">
          <params>
            <param index="0">
              <value>
                <![CDATA[[TestResult name=VerifyValidLogin status=SUCCESS method=VerifyOrangeLogin2.VerifyValidLogin()[pri:0, instance:com.automation.TestCases.VerifyOrangeLogin2@7d4f9aae] output={null}]]]>
              </value>
            </param>
          </params>
          <reporter-output>
          </reporter-output>
        </test-method> <!-- tearDownMethod -->
        <test-method is-config="true" signature="tearDown()[pri:0, instance:com.automation.TestCases.VerifyOrangeLogin2@7d4f9aae]" started-at="2021-04-18T00:35:48Z" name="tearDown" finished-at="2021-04-18T00:35:48Z" duration-ms="735" status="PASS">
          <reporter-output>
          </reporter-output>
        </test-method> <!-- tearDown -->
      </class> <!-- com.automation.TestCases.VerifyOrangeLogin2 -->
    </test> <!-- Default test -->
  </suite> <!-- Default suite -->
</testng-results>
